<!DOCTYPE html PUBLIC "-//W3C//DTD XHTML 1.1//EN" "http://www.w3.org/TR/xhtml11/DTD/xhtml11.dtd">
<html xmlns="http://www.w3.org/1999/xhtml">
<head>
<meta http-equiv="content-type" content="text/html; charset=UTF-8"/>
<title>TestNG Report</title>
<style type="text/css">table {margin-bottom:10px;border-collapse:collapse;empty-cells:show}th,td {border:1px solid #009;padding:.25em .5em}th {vertical-align:bottom}td {vertical-align:top}table a {font-weight:bold}.stripe td {background-color: #E6EBF9}.num {text-align:right}.passedodd td {background-color: #3F3}.passedeven td {background-color: #0A0}.skippedodd td {background-color: #DDD}.skippedeven td {background-color: #CCC}.failedodd td,.attn {background-color: #F33}.failedeven td,.stripe .attn {background-color: #D00}.stacktrace {white-space:pre;font-family:monospace}.totop {font-size:85%;text-align:center;border-bottom:2px solid #000}.invisible {display:none}</style>
</head>
<body>
<table>
<tr><th>Test</th><th># Passed</th><th># Skipped</th><th># Failed</th><th>Time (ms)</th><th>Included Groups</th><th>Excluded Groups</th></tr>
<tr><th colspan="7">Suite1</th></tr>
<tr><td><a href="#t0">Groups</a></td><td class="num">5</td><td class="num">0</td><td class="num">0</td><td class="num">9 869</td><td></td><td></td></tr>
<tr class="stripe"><td><a href="#t1">Contacts</a></td><td class="num">2</td><td class="num">0</td><td class="num attn">2</td><td class="num">9 085</td><td></td><td></td></tr>
<tr><th>Total</th><th class="num">7</th><th class="num">0</th><th class="num attn">2</th><th class="num">18 954</th><th colspan="2"></th></tr>
</table>
<table id='summary'><thead><tr><th>Class</th><th>Method</th><th>Start</th><th>Time (ms)</th></tr></thead><tbody><tr><th colspan="4">Suite1</th></tr></tbody><tbody id="t0"><tr><th colspan="4">Groups &#8212; passed</th></tr><tr class="passedeven"><td rowspan="3">ru.stqa.pft.addressbook.tests.GroupCreationTests</td><td><a href="#m0">testGroupCreation</a></td><td rowspan="3">1608733117384</td><td rowspan="3">1725</td></tr><tr class="passedeven"><td><a href="#m1">testGroupCreation</a></td></tr><tr class="passedeven"><td><a href="#m2">testGroupCreation</a></td></tr><tr class="passedodd"><td rowspan="1">ru.stqa.pft.addressbook.tests.GroupDeletionTests</td><td><a href="#m3">testGroupDeletion</a></td><td rowspan="1">1608733121131</td><td rowspan="1">1234</td></tr><tr class="passedeven"><td rowspan="1">ru.stqa.pft.addressbook.tests.GroupModificationTests</td><td><a href="#m4">testGroupModification</a></td><td rowspan="1">1608733119207</td><td rowspan="1">1832</td></tr></tbody>
<tbody id="t1"><tr><th colspan="4">Contacts &#8212; failed</th></tr><tr class="failedeven"><td rowspan="2">ru.stqa.pft.addressbook.tests.ContactCreationTests</td><td><a href="#m5">testContactBadCreation</a></td><td rowspan="1">1608733122394</td><td rowspan="1">654</td></tr><tr class="failedeven"><td><a href="#m6">testContactCreation</a></td><td rowspan="1">1608733123219</td><td rowspan="1">1907</td></tr><tr><th colspan="4">Contacts &#8212; passed</th></tr><tr class="passedeven"><td rowspan="2">ru.stqa.pft.addressbook.tests.ContactCreationTests</td><td><a href="#m7">testContactCreation</a></td><td rowspan="2">1608733128502</td><td rowspan="2">2977</td></tr><tr class="passedeven"><td><a href="#m8">testContactCreation</a></td></tr></tbody>
</table>
<h2>Groups</h2><h3 id="m0">ru.stqa.pft.addressbook.tests.GroupCreationTests#testGroupCreation</h3><table class="result"><tr class="param"><th>Parameter #1</th></tr><tr class="param stripe"><td>GroupData{id=&apos;82&apos;, name=&apos;test 2&apos;}</td></tr></table><p class="totop"><a href="#summary">back to summary</a></p>
<h3 id="m1">ru.stqa.pft.addressbook.tests.GroupCreationTests#testGroupCreation</h3><table class="result"><tr class="param"><th>Parameter #1</th></tr><tr class="param stripe"><td>GroupData{id=&apos;80&apos;, name=&apos;test 0&apos;}</td></tr></table><p class="totop"><a href="#summary">back to summary</a></p>
<h3 id="m2">ru.stqa.pft.addressbook.tests.GroupCreationTests#testGroupCreation</h3><table class="result"><tr class="param"><th>Parameter #1</th></tr><tr class="param stripe"><td>GroupData{id=&apos;81&apos;, name=&apos;test 1&apos;}</td></tr></table><p class="totop"><a href="#summary">back to summary</a></p>
<h3 id="m3">ru.stqa.pft.addressbook.tests.GroupDeletionTests#testGroupDeletion</h3><table class="result"><tr><th class="invisible"/></tr></table><p class="totop"><a href="#summary">back to summary</a></p>
<h3 id="m4">ru.stqa.pft.addressbook.tests.GroupModificationTests#testGroupModification</h3><table class="result"><tr><th class="invisible"/></tr></table><p class="totop"><a href="#summary">back to summary</a></p>
<h2>Contacts</h2><h3 id="m5">ru.stqa.pft.addressbook.tests.ContactCreationTests#testContactBadCreation</h3><table class="result"><tr><th>Exception</th></tr><tr><td><div class="stacktrace">org.openqa.selenium.InvalidArgumentException: invalid argument: 
  (Session info: chrome=87.0.4280.88)
Build info: version: &apos;4.0.0-alpha-7&apos;, revision: &apos;de8579b6d5&apos;
System info: host: &apos;DESKTOP-729EO41&apos;, ip: &apos;172.17.32.84&apos;, os.name: &apos;Windows 10&apos;, os.arch: &apos;amd64&apos;, os.version: &apos;10.0&apos;, java.version: &apos;1.8.0_261&apos;
Driver info: org.openqa.selenium.chrome.ChromeDriver
Capabilities {acceptInsecureCerts: false, browserName: chrome, browserVersion: 87.0.4280.88, chrome: {chromedriverVersion: 87.0.4280.20 (c99e81631faa0..., userDataDir: C:\Users\1\AppData\Local\Te...}, goog:chromeOptions: {debuggerAddress: localhost:61163}, javascriptEnabled: true, networkConnectionEnabled: false, pageLoadStrategy: normal, platform: WINDOWS, platformName: WINDOWS, proxy: Proxy(), setWindowRect: true, strictFileInteractability: false, timeouts: {implicit: 0, pageLoad: 300000, script: 30000}, unhandledPromptBehavior: dismiss and notify, webauthn:virtualAuthenticators: true}
Session ID: 735ca5fb9e44f07cb7fe649129fc3aea
	at org.openqa.selenium.remote.codec.w3c.W3CHttpResponseCodec.createException(W3CHttpResponseCodec.java:196)
	at org.openqa.selenium.remote.codec.w3c.W3CHttpResponseCodec.decode(W3CHttpResponseCodec.java:129)
	at org.openqa.selenium.remote.codec.w3c.W3CHttpResponseCodec.decode(W3CHttpResponseCodec.java:53)
	at org.openqa.selenium.remote.HttpCommandExecutor.execute(HttpCommandExecutor.java:167)
	at org.openqa.selenium.remote.service.DriverCommandExecutor.execute(DriverCommandExecutor.java:123)
	at org.openqa.selenium.remote.RemoteWebDriver.execute(RemoteWebDriver.java:501)
	at org.openqa.selenium.remote.RemoteWebElement.execute(RemoteWebElement.java:238)
	at org.openqa.selenium.remote.RemoteWebElement.sendKeys(RemoteWebElement.java:109)
	at ru.stqa.pft.addressbook.appmanager.HelperBase.attach(HelperBase.java:33)
	at ru.stqa.pft.addressbook.appmanager.ContactHelper.fillContactForm(ContactHelper.java:60)
	at ru.stqa.pft.addressbook.appmanager.ContactHelper.create(ContactHelper.java:25)
	at ru.stqa.pft.addressbook.tests.ContactCreationTests.testContactBadCreation(ContactCreationTests.java:61)
... Removed 38 stack frames</div></td></tr></table><p class="totop"><a href="#summary">back to summary</a></p>
<h3 id="m6">ru.stqa.pft.addressbook.tests.ContactCreationTests#testContactCreation</h3><table class="result"><tr class="param"><th>Parameter #1</th></tr><tr class="param stripe"><td>ContactData{id=0, firstName=&apos;name 0&apos;}</td></tr><tr><th>Exception</th></tr><tr><td><div class="stacktrace">java.lang.AssertionError: 
Expected: &lt;1&gt;
     but: was &lt;12&gt;
	at org.hamcrest.MatcherAssert.assertThat(MatcherAssert.java:20)
	at org.hamcrest.MatcherAssert.assertThat(MatcherAssert.java:6)
	at ru.stqa.pft.addressbook.tests.ContactCreationTests.testContactCreation(ContactCreationTests.java:44)
... Removed 34 stack frames</div></td></tr></table><p class="totop"><a href="#summary">back to summary</a></p>
<h3 id="m7">ru.stqa.pft.addressbook.tests.ContactCreationTests#testContactCreation</h3><table class="result"><tr class="param"><th>Parameter #1</th></tr><tr class="param stripe"><td>ContactData{id=0, firstName=&apos;name 2&apos;}</td></tr></table><p class="totop"><a href="#summary">back to summary</a></p>
<h3 id="m8">ru.stqa.pft.addressbook.tests.ContactCreationTests#testContactCreation</h3><table class="result"><tr class="param"><th>Parameter #1</th></tr><tr class="param stripe"><td>ContactData{id=0, firstName=&apos;name 1&apos;}</td></tr></table><p class="totop"><a href="#summary">back to summary</a></p>
</body>
</html>
