<?xml version="1.0" encoding="UTF-8"?>
<!-- Generated by org.testng.reporters.JUnitXMLReporter -->
<testsuite hostname="DESKTOP-729EO41" ignored="0" name="Contacts" tests="4" failures="2" timestamp="23 дек 2020 14:18:51 GMT" time="9.085" errors="0">
  <testcase name="testContactBadCreation" time="0.654" classname="ru.stqa.pft.addressbook.tests.ContactCreationTests">
    <failure type="org.openqa.selenium.InvalidArgumentException" message="invalid argument: 
  (Session info: chrome=87.0.4280.88)
Build info: version: &amp;apos;4.0.0-alpha-7&amp;apos;, revision: &amp;apos;de8579b6d5&amp;apos;
System info: host: &amp;apos;DESKTOP-729EO41&amp;apos;, ip: &amp;apos;172.17.32.84&amp;apos;, os.name: &amp;apos;Windows 10&amp;apos;, os.arch: &amp;apos;amd64&amp;apos;, os.version: &amp;apos;10.0&amp;apos;, java.version: &amp;apos;1.8.0_261&amp;apos;
Driver info: org.openqa.selenium.chrome.ChromeDriver
Capabilities {acceptInsecureCerts: false, browserName: chrome, browserVersion: 87.0.4280.88, chrome: {chromedriverVersion: 87.0.4280.20 (c99e81631faa0..., userDataDir: C:\Users\1\AppData\Local\Te...}, goog:chromeOptions: {debuggerAddress: localhost:61163}, javascriptEnabled: true, networkConnectionEnabled: false, pageLoadStrategy: normal, platform: WINDOWS, platformName: WINDOWS, proxy: Proxy(), setWindowRect: true, strictFileInteractability: false, timeouts: {implicit: 0, pageLoad: 300000, script: 30000}, unhandledPromptBehavior: dismiss and notify, webauthn:virtualAuthenticators: true}
Session ID: 735ca5fb9e44f07cb7fe649129fc3aea">
      <![CDATA[org.openqa.selenium.InvalidArgumentException: invalid argument: 
  (Session info: chrome=87.0.4280.88)
Build info: version: '4.0.0-alpha-7', revision: 'de8579b6d5'
System info: host: 'DESKTOP-729EO41', ip: '172.17.32.84', os.name: 'Windows 10', os.arch: 'amd64', os.version: '10.0', java.version: '1.8.0_261'
Driver info: org.openqa.selenium.chrome.ChromeDriver
Capabilities {acceptInsecureCerts: false, browserName: chrome, browserVersion: 87.0.4280.88, chrome: {chromedriverVersion: 87.0.4280.20 (c99e81631faa0..., userDataDir: C:\Users\1\AppData\Local\Te...}, goog:chromeOptions: {debuggerAddress: localhost:61163}, javascriptEnabled: true, networkConnectionEnabled: false, pageLoadStrategy: normal, platform: WINDOWS, platformName: WINDOWS, proxy: Proxy(), setWindowRect: true, strictFileInteractability: false, timeouts: {implicit: 0, pageLoad: 300000, script: 30000}, unhandledPromptBehavior: dismiss and notify, webauthn:virtualAuthenticators: true}
Session ID: 735ca5fb9e44f07cb7fe649129fc3aea
at org.openqa.selenium.remote.codec.w3c.W3CHttpResponseCodec.createException(W3CHttpResponseCodec.java:196)
at org.openqa.selenium.remote.codec.w3c.W3CHttpResponseCodec.decode(W3CHttpResponseCodec.java:129)
at org.openqa.selenium.remote.codec.w3c.W3CHttpResponseCodec.decode(W3CHttpResponseCodec.java:53)
at org.openqa.selenium.remote.HttpCommandExecutor.execute(HttpCommandExecutor.java:167)
at org.openqa.selenium.remote.service.DriverCommandExecutor.execute(DriverCommandExecutor.java:123)
at org.openqa.selenium.remote.RemoteWebDriver.execute(RemoteWebDriver.java:501)
at org.openqa.selenium.remote.RemoteWebElement.execute(RemoteWebElement.java:238)
at org.openqa.selenium.remote.RemoteWebElement.sendKeys(RemoteWebElement.java:109)
at ru.stqa.pft.addressbook.appmanager.HelperBase.attach(HelperBase.java:33)
at ru.stqa.pft.addressbook.appmanager.ContactHelper.fillContactForm(ContactHelper.java:60)
at ru.stqa.pft.addressbook.appmanager.ContactHelper.create(ContactHelper.java:25)
at ru.stqa.pft.addressbook.tests.ContactCreationTests.testContactBadCreation(ContactCreationTests.java:61)
... Removed 38 stack frames]]>
    </failure>
  </testcase> <!-- testContactBadCreation -->
  <testcase name="testContactCreation" time="1.907" classname="ru.stqa.pft.addressbook.tests.ContactCreationTests">
    <failure type="java.lang.AssertionError" message="
Expected: &amp;lt;1&amp;gt;
     but: was &amp;lt;12&amp;gt;">
      <![CDATA[java.lang.AssertionError: 
Expected: <1>
     but: was <12>
at org.hamcrest.MatcherAssert.assertThat(MatcherAssert.java:20)
at org.hamcrest.MatcherAssert.assertThat(MatcherAssert.java:6)
at ru.stqa.pft.addressbook.tests.ContactCreationTests.testContactCreation(ContactCreationTests.java:44)
... Removed 34 stack frames]]>
    </failure>
  </testcase> <!-- testContactCreation -->
  <testcase name="testContactCreation" time="3.375" classname="ru.stqa.pft.addressbook.tests.ContactCreationTests"/>
  <testcase name="testContactCreation" time="2.977" classname="ru.stqa.pft.addressbook.tests.ContactCreationTests"/>
</testsuite> <!-- Contacts -->
